<?xml version="1.0" encoding="UTF-8"?>
<!-- Generated by org.testng.reporters.JUnitReportReporter -->
<testsuite hostname="DESKTOP-03DOST7" failures="0" tests="1" name="DemoTest" time="0.231" errors="0" timestamp="2021-03-20T00:56:20 IST" skipped="0">
  <testcase classname="DemoTest" name="demoTest" time="0.231"/>
  <system-out/>
</testsuite> <!-- DemoTest -->
